# JRE version: OpenJDK Runtime Environment Temurin-21.0.9+10 (21.0.9+10) (build 21.0.9+10-LTS)
# Java VM: OpenJDK 64-Bit Server VM Temurin-21.0.9+10 (21.0.9+10-LTS, mixed mode, sharing, tiered, compressed oops, compressed class ptrs, parallel gc, windows-amd64)
GC Precious Log:
 CardTable entry size: 512
 CPUs: 12 total, 12 available
 Memory: 7432M
 Large Page Support: Disabled
 NUMA Support: Disabled
 Compressed Oops: Enabled (32-bit)
 Alignments: Space 512K, Generation 512K, Heap 2M
 Heap Min Capacity: 100M
 Heap Initial Capacity: 100M
 Heap Max Capacity: 2G
 Pre-touch: Disabled
 Parallel Workers: 10
Heap:
 PSYoungGen      total 5120K, used 5104K [0x00000000d5580000, 0x00000000d5e80000, 0x0000000100000000)
  eden space 4608K, 100% used [0x00000000d5580000,0x00000000d5a00000,0x00000000d5a00000)
  from space 512K, 96% used [0x00000000d5d80000,0x00000000d5dfc010,0x00000000d5e00000)
  to   space 512K, 100% used [0x00000000d5e00000,0x00000000d5e80000,0x00000000d5e80000)
 ParOldGen       total 1281024K, used 1281023K [0x0000000080000000, 0x00000000ce300000, 0x00000000d5580000)
  object space 1281024K, 99% used [0x0000000080000000,0x00000000ce2ffdd0,0x00000000ce300000)
 Metaspace       used 96139K, committed 97792K, reserved 1179648K
  class space    used 9440K, committed 10240K, reserved 1048576K
GC Heap History (20 events):
Event: 51720.350 GC heap before
{Heap before GC invocations=10266 (full 9):
 PSYoungGen      total 5120K, used 5072K [0x00000000d5580000, 0x00000000d5b80000, 0x0000000100000000)
  eden space 4608K, 100% used [0x00000000d5580000,0x00000000d5a00000,0x00000000d5a00000)
  from space 512K, 90% used [0x00000000d5b00000,0x00000000d5b74010,0x00000000d5b80000)
  to   space 512K, 0% used [0x00000000d5a80000,0x00000000d5a80000,0x00000000d5b00000)
 ParOldGen       total 1270272K, used 1270126K [0x0000000080000000, 0x00000000cd880000, 0x00000000d5580000)
  object space 1270272K, 99% used [0x0000000080000000,0x00000000cd85bbe0,0x00000000cd880000)
 Metaspace       used 96137K, committed 97792K, reserved 1179648K
  class space    used 9440K, committed 10240K, reserved 1048576K
}
Event: 51720.356 GC heap after
{Heap after GC invocations=10266 (full 9):
 PSYoungGen      total 5120K, used 496K [0x00000000d5580000, 0x00000000d5d00000, 0x0000000100000000)
  eden space 4608K, 0% used [0x00000000d5580000,0x00000000d5580000,0x00000000d5a00000)
  from space 512K, 96% used [0x00000000d5a80000,0x00000000d5afc010,0x00000000d5b00000)
  to   space 1536K, 0% used [0x00000000d5b80000,0x00000000d5b80000,0x00000000d5d00000)
 ParOldGen       total 1270784K, used 1270604K [0x0000000080000000, 0x00000000cd900000, 0x00000000d5580000)
  object space 1270784K, 99% used [0x0000000080000000,0x00000000cd8d3070,0x00000000cd900000)
 Metaspace       used 96137K, committed 97792K, reserved 1179648K
  class space    used 9440K, committed 10240K, reserved 1048576K
}
Event: 51721.795 GC heap before
{Heap before GC invocations=10267 (full 9):
 PSYoungGen      total 5120K, used 5104K [0x00000000d5580000, 0x00000000d5d00000, 0x0000000100000000)
  eden space 4608K, 100% used [0x00000000d5580000,0x00000000d5a00000,0x00000000d5a00000)
  from space 512K, 96% used [0x00000000d5a80000,0x00000000d5afc010,0x00000000d5b00000)
  to   space 1536K, 0% used [0x00000000d5b80000,0x00000000d5b80000,0x00000000d5d00000)
 ParOldGen       total 1270784K, used 1270604K [0x0000000080000000, 0x00000000cd900000, 0x00000000d5580000)
  object space 1270784K, 99% used [0x0000000080000000,0x00000000cd8d3070,0x00000000cd900000)
 Metaspace       used 96137K, committed 97792K, reserved 1179648K
  class space    used 9440K, committed 10240K, reserved 1048576K
}
Event: 51721.799 GC heap after
{Heap after GC invocations=10267 (full 9):
 PSYoungGen      total 5120K, used 384K [0x00000000d5580000, 0x00000000d5c00000, 0x0000000100000000)
  eden space 4608K, 0% used [0x00000000d5580000,0x00000000d5580000,0x00000000d5a00000)
  from space 512K, 75% used [0x00000000d5b80000,0x00000000d5be0040,0x00000000d5c00000)
  to   space 1024K, 0% used [0x00000000d5a00000,0x00000000d5a00000,0x00000000d5b00000)
 ParOldGen       total 1271296K, used 1271057K [0x0000000080000000, 0x00000000cd980000, 0x00000000d5580000)
  object space 1271296K, 99% used [0x0000000080000000,0x00000000cd944500,0x00000000cd980000)
 Metaspace       used 96137K, committed 97792K, reserved 1179648K
  class space    used 9440K, committed 10240K, reserved 1048576K
}
Event: 51721.821 GC heap before
{Heap before GC invocations=10268 (full 9):
 PSYoungGen      total 5120K, used 4992K [0x00000000d5580000, 0x00000000d5c00000, 0x0000000100000000)
  eden space 4608K, 100% used [0x00000000d5580000,0x00000000d5a00000,0x00000000d5a00000)
  from space 512K, 75% used [0x00000000d5b80000,0x00000000d5be0040,0x00000000d5c00000)
  to   space 1024K, 0% used [0x00000000d5a00000,0x00000000d5a00000,0x00000000d5b00000)
 ParOldGen       total 1271296K, used 1271057K [0x0000000080000000, 0x00000000cd980000, 0x00000000d5580000)
  object space 1271296K, 99% used [0x0000000080000000,0x00000000cd944500,0x00000000cd980000)
 Metaspace       used 96138K, committed 97792K, reserved 1179648K
  class space    used 9440K, committed 10240K, reserved 1048576K
}
Event: 51721.827 GC heap after
{Heap after GC invocations=10268 (full 9):
 PSYoungGen      total 5632K, used 1004K [0x00000000d5580000, 0x00000000d6500000, 0x0000000100000000)
  eden space 4608K, 0% used [0x00000000d5580000,0x00000000d5580000,0x00000000d5a00000)
  from space 1024K, 98% used [0x00000000d5a00000,0x00000000d5afb060,0x00000000d5b00000)
  to   space 5632K, 0% used [0x00000000d5f80000,0x00000000d5f80000,0x00000000d6500000)
 ParOldGen       total 1274880K, used 1274657K [0x0000000080000000, 0x00000000cdd00000, 0x00000000d5580000)
  object space 1274880K, 99% used [0x0000000080000000,0x00000000cdcc8560,0x00000000cdd00000)
 Metaspace       used 96138K, committed 97792K, reserved 1179648K
  class space    used 9440K, committed 10240K, reserved 1048576K
}
Event: 51721.856 GC heap before
{Heap before GC invocations=10269 (full 9):
 PSYoungGen      total 5632K, used 5612K [0x00000000d5580000, 0x00000000d6500000, 0x0000000100000000)
  eden space 4608K, 100% used [0x00000000d5580000,0x00000000d5a00000,0x00000000d5a00000)
  from space 1024K, 98% used [0x00000000d5a00000,0x00000000d5afb060,0x00000000d5b00000)
  to   space 5632K, 0% used [0x00000000d5f80000,0x00000000d5f80000,0x00000000d6500000)
 ParOldGen       total 1274880K, used 1274657K [0x0000000080000000, 0x00000000cdd00000, 0x00000000d5580000)
  object space 1274880K, 99% used [0x0000000080000000,0x00000000cdcc8560,0x00000000cdd00000)
 Metaspace       used 96138K, committed 97792K, reserved 1179648K
  class space    used 9440K, committed 10240K, reserved 1048576K
}
Event: 51721.860 GC heap after
{Heap after GC invocations=10269 (full 9):
 PSYoungGen      total 6656K, used 1625K [0x00000000d5580000, 0x00000000d6180000, 0x0000000100000000)
  eden space 4608K, 0% used [0x00000000d5580000,0x00000000d5580000,0x00000000d5a00000)
  from space 2048K, 79% used [0x00000000d5f80000,0x00000000d6116748,0x00000000d6180000)
  to   space 3072K, 0% used [0x00000000d5b80000,0x00000000d5b80000,0x00000000d5e80000)
 ParOldGen       total 1274880K, used 1274729K [0x0000000080000000, 0x00000000cdd00000, 0x00000000d5580000)
  object space 1274880K, 99% used [0x0000000080000000,0x00000000cdcda570,0x00000000cdd00000)
 Metaspace       used 96138K, committed 97792K, reserved 1179648K
  class space    used 9440K, committed 10240K, reserved 1048576K
}
Event: 51721.940 GC heap before
{Heap before GC invocations=10270 (full 9):
 PSYoungGen      total 6656K, used 6233K [0x00000000d5580000, 0x00000000d6180000, 0x0000000100000000)
  eden space 4608K, 100% used [0x00000000d5580000,0x00000000d5a00000,0x00000000d5a00000)
  from space 2048K, 79% used [0x00000000d5f80000,0x00000000d6116748,0x00000000d6180000)
  to   space 3072K, 0% used [0x00000000d5b80000,0x00000000d5b80000,0x00000000d5e80000)
 ParOldGen       total 1274880K, used 1274729K [0x0000000080000000, 0x00000000cdd00000, 0x00000000d5580000)
  object space 1274880K, 99% used [0x0000000080000000,0x00000000cdcda570,0x00000000cdd00000)
 Metaspace       used 96138K, committed 97792K, reserved 1179648K
  class space    used 9440K, committed 10240K, reserved 1048576K
}
Event: 51721.949 GC heap after
{Heap after GC invocations=10270 (full 9):
 PSYoungGen      total 7680K, used 3040K [0x00000000d5580000, 0x00000000d6400000, 0x0000000100000000)
  eden space 4608K, 0% used [0x00000000d5580000,0x00000000d5580000,0x00000000d5a00000)
  from space 3072K, 98% used [0x00000000d5b80000,0x00000000d5e78010,0x00000000d5e80000)
  to   space 5120K, 0% used [0x00000000d5f00000,0x00000000d5f00000,0x00000000d6400000)
 ParOldGen       total 1276416K, used 1276055K [0x0000000080000000, 0x00000000cde80000, 0x00000000d5580000)
  object space 1276416K, 99% used [0x0000000080000000,0x00000000cde25fa0,0x00000000cde80000)
 Metaspace       used 96138K, committed 97792K, reserved 1179648K
  class space    used 9440K, committed 10240K, reserved 1048576K
}
Event: 51721.959 GC heap before
{Heap before GC invocations=10271 (full 9):
 PSYoungGen      total 7680K, used 7648K [0x00000000d5580000, 0x00000000d6400000, 0x0000000100000000)
  eden space 4608K, 100% used [0x00000000d5580000,0x00000000d5a00000,0x00000000d5a00000)
  from space 3072K, 98% used [0x00000000d5b80000,0x00000000d5e78010,0x00000000d5e80000)
  to   space 5120K, 0% used [0x00000000d5f00000,0x00000000d5f00000,0x00000000d6400000)
 ParOldGen       total 1276416K, used 1276055K [0x0000000080000000, 0x00000000cde80000, 0x00000000d5580000)
  object space 1276416K, 99% used [0x0000000080000000,0x00000000cde25fa0,0x00000000cde80000)
 Metaspace       used 96138K, committed 97792K, reserved 1179648K
  class space    used 9440K, committed 10240K, reserved 1048576K
}
Event: 51721.964 GC heap after
{Heap after GC invocations=10271 (full 9):
 PSYoungGen      total 6144K, used 1040K [0x00000000d5580000, 0x00000000d6080000, 0x0000000100000000)
  eden space 4608K, 0% used [0x00000000d5580000,0x00000000d5580000,0x00000000d5a00000)
  from space 1536K, 67% used [0x00000000d5f00000,0x00000000d6004010,0x00000000d6080000)
  to   space 2560K, 0% used [0x00000000d5b80000,0x00000000d5b80000,0x00000000d5e00000)
 ParOldGen       total 1279488K, used 1279061K [0x0000000080000000, 0x00000000ce180000, 0x00000000d5580000)
  object space 1279488K, 99% used [0x0000000080000000,0x00000000ce115430,0x00000000ce180000)
 Metaspace       used 96138K, committed 97792K, reserved 1179648K
  class space    used 9440K, committed 10240K, reserved 1048576K
}
Event: 51725.890 GC heap before
{Heap before GC invocations=10272 (full 9):
 PSYoungGen      total 6144K, used 5648K [0x00000000d5580000, 0x00000000d6080000, 0x0000000100000000)
  eden space 4608K, 100% used [0x00000000d5580000,0x00000000d5a00000,0x00000000d5a00000)
  from space 1536K, 67% used [0x00000000d5f00000,0x00000000d6004010,0x00000000d6080000)
  to   space 2560K, 0% used [0x00000000d5b80000,0x00000000d5b80000,0x00000000d5e00000)
 ParOldGen       total 1279488K, used 1279061K [0x0000000080000000, 0x00000000ce180000, 0x00000000d5580000)
  object space 1279488K, 99% used [0x0000000080000000,0x00000000ce115430,0x00000000ce180000)
 Metaspace       used 96139K, committed 97792K, reserved 1179648K
  class space    used 9440K, committed 10240K, reserved 1048576K
}
Event: 51725.894 GC heap after
{Heap after GC invocations=10272 (full 9):
 PSYoungGen      total 7168K, used 368K [0x00000000d5580000, 0x00000000d5f80000, 0x0000000100000000)
  eden space 4608K, 0% used [0x00000000d5580000,0x00000000d5580000,0x00000000d5a00000)
  from space 2560K, 14% used [0x00000000d5b80000,0x00000000d5bdc030,0x00000000d5e00000)
  to   space 1024K, 0% used [0x00000000d5e80000,0x00000000d5e80000,0x00000000d5f80000)
 ParOldGen       total 1279488K, used 1279485K [0x0000000080000000, 0x00000000ce180000, 0x00000000d5580000)
  object space 1279488K, 99% used [0x0000000080000000,0x00000000ce17f430,0x00000000ce180000)
 Metaspace       used 96139K, committed 97792K, reserved 1179648K
  class space    used 9440K, committed 10240K, reserved 1048576K
}
Event: 51749.784 GC heap before
{Heap before GC invocations=10273 (full 9):
 PSYoungGen      total 7168K, used 4976K [0x00000000d5580000, 0x00000000d5f80000, 0x0000000100000000)
  eden space 4608K, 100% used [0x00000000d5580000,0x00000000d5a00000,0x00000000d5a00000)
  from space 2560K, 14% used [0x00000000d5b80000,0x00000000d5bdc030,0x00000000d5e00000)
  to   space 1024K, 0% used [0x00000000d5e80000,0x00000000d5e80000,0x00000000d5f80000)
 ParOldGen       total 1279488K, used 1279485K [0x0000000080000000, 0x00000000ce180000, 0x00000000d5580000)
  object space 1279488K, 99% used [0x0000000080000000,0x00000000ce17f430,0x00000000ce180000)
 Metaspace       used 96139K, committed 97792K, reserved 1179648K
  class space    used 9440K, committed 10240K, reserved 1048576K
}
Event: 51749.789 GC heap after
{Heap after GC invocations=10273 (full 9):
 PSYoungGen      total 5632K, used 1024K [0x00000000d5580000, 0x00000000d5f80000, 0x0000000100000000)
  eden space 4608K, 0% used [0x00000000d5580000,0x00000000d5580000,0x00000000d5a00000)
  from space 1024K, 100% used [0x00000000d5e80000,0x00000000d5f80000,0x00000000d5f80000)
  to   space 1536K, 0% used [0x00000000d5c80000,0x00000000d5c80000,0x00000000d5e00000)
 ParOldGen       total 1280000K, used 1279741K [0x0000000080000000, 0x00000000ce200000, 0x00000000d5580000)
  object space 1280000K, 99% used [0x0000000080000000,0x00000000ce1bf480,0x00000000ce200000)
 Metaspace       used 96139K, committed 97792K, reserved 1179648K
  class space    used 9440K, committed 10240K, reserved 1048576K
}
Event: 51749.839 GC heap before
{Heap before GC invocations=10274 (full 9):
 PSYoungGen      total 5632K, used 5632K [0x00000000d5580000, 0x00000000d5f80000, 0x0000000100000000)
  eden space 4608K, 100% used [0x00000000d5580000,0x00000000d5a00000,0x00000000d5a00000)
  from space 1024K, 100% used [0x00000000d5e80000,0x00000000d5f80000,0x00000000d5f80000)
  to   space 1536K, 0% used [0x00000000d5c80000,0x00000000d5c80000,0x00000000d5e00000)
 ParOldGen       total 1280000K, used 1279741K [0x0000000080000000, 0x00000000ce200000, 0x00000000d5580000)
  object space 1280000K, 99% used [0x0000000080000000,0x00000000ce1bf480,0x00000000ce200000)
 Metaspace       used 96139K, committed 97792K, reserved 1179648K
  class space    used 9440K, committed 10240K, reserved 1048576K
}
Event: 51749.847 GC heap after
{Heap after GC invocations=10274 (full 9):
 PSYoungGen      total 6144K, used 320K [0x00000000d5580000, 0x00000000d5f00000, 0x0000000100000000)
  eden space 4608K, 0% used [0x00000000d5580000,0x00000000d5580000,0x00000000d5a00000)
  from space 1536K, 20% used [0x00000000d5c80000,0x00000000d5cd0000,0x00000000d5e00000)
  to   space 1024K, 0% used [0x00000000d5e00000,0x00000000d5e00000,0x00000000d5f00000)
 ParOldGen       total 1281024K, used 1280746K [0x0000000080000000, 0x00000000ce300000, 0x00000000d5580000)
  object space 1281024K, 99% used [0x0000000080000000,0x00000000ce2ba940,0x00000000ce300000)
 Metaspace       used 96139K, committed 97792K, reserved 1179648K
  class space    used 9440K, committed 10240K, reserved 1048576K
}
Event: 51750.838 GC heap before
{Heap before GC invocations=10275 (full 9):
 PSYoungGen      total 6144K, used 4928K [0x00000000d5580000, 0x00000000d5f00000, 0x0000000100000000)
  eden space 4608K, 100% used [0x00000000d5580000,0x00000000d5a00000,0x00000000d5a00000)
  from space 1536K, 20% used [0x00000000d5c80000,0x00000000d5cd0000,0x00000000d5e00000)
  to   space 1024K, 0% used [0x00000000d5e00000,0x00000000d5e00000,0x00000000d5f00000)
 ParOldGen       total 1281024K, used 1280746K [0x0000000080000000, 0x00000000ce300000, 0x00000000d5580000)
  object space 1281024K, 99% used [0x0000000080000000,0x00000000ce2ba940,0x00000000ce300000)
 Metaspace       used 96139K, committed 97792K, reserved 1179648K
  class space    used 9440K, committed 10240K, reserved 1048576K
}
Event: 51750.845 GC heap after
{Heap after GC invocations=10275 (full 9):
 PSYoungGen      total 5120K, used 352K [0x00000000d5580000, 0x00000000d5e80000, 0x0000000100000000)
  eden space 4608K, 0% used [0x00000000d5580000,0x00000000d5580000,0x00000000d5a00000)
  from space 512K, 68% used [0x00000000d5e00000,0x00000000d5e58000,0x00000000d5e80000)
  to   space 512K, 0% used [0x00000000d5d80000,0x00000000d5d80000,0x00000000d5e00000)
 ParOldGen       total 1281024K, used 1280794K [0x0000000080000000, 0x00000000ce300000, 0x00000000d5580000)
  object space 1281024K, 99% used [0x0000000080000000,0x00000000ce2c6940,0x00000000ce300000)
 Metaspace       used 96139K, committed 97792K, reserved 1179648K
  class space    used 9440K, committed 10240K, reserved 1048576K
}

